CLASSIFICATION: ActionableLexiconGap | subsystem Lexicon | gate Auto | confidence 0.75

═══ Sentence 3 ═══
INPUT: It is now naturalized as an escapee along seashores in New York and New Jersey.

TOKENS:
    0..2   "It"         Pronoun
    3..5   "is"         Other
    6..9   "now"        Other
   10..21  "naturalized" Adjective
   22..24  "as"         Adjective
   25..27  "an"         Determiner
   28..35  "escapee"    Adjective
   36..41  "along"      Preposition
   42..51  "seashores"  Adjective
   52..54  "in"         Preposition
   55..58  "New"        Proper
   59..63  "York"       Proper
   64..67  "and"        Connective
   68..71  "New"        Proper
   72..78  "Jersey"     Proper
   78..79  "."          Punctuation
   79..79  ""           Other

ERROR (Socratic):
  I was looking for a noun, verb, or adjective at position 10, but found TemporalAdverb(Symbol(3)) instead. The logic needs a content word to ground it.

